
2018-04-08 17:49:01...installerHook: Could not find custom/install/install_hooks.php
2018-04-08 17:49:05...installerHook: Could not find custom/install/install_hooks.php
2018-04-08 17:49:50...installerHook: Could not find custom/install/install_hooks.php
2018-04-08 17:49:58...Begin System Check Process *************
2018-04-08 17:49:58...XML Parsing Support Found
2018-04-08 17:49:58...MBString Support Found
2018-04-08 17:49:58...ZIP Support Found
2018-04-08 17:49:58.../custom directory and subdirectory check passed
2018-04-08 17:49:58...cache directory and subdirectory check passed
2018-04-08 17:49:58.../module  directory and subdirectory check passed
2018-04-08 17:49:58.../upload directory check passed
2018-04-08 17:49:58.../zip check passed
2018-04-08 17:49:58...PCRE version check passed
2018-04-08 17:49:58...installerHook: Could not find custom/install/install_hooks.php
2018-04-08 17:49:58...php.ini location found. /etc/php/5.6/apache2/php.ini
2018-04-08 17:49:58...Outputting HTML for System check
2018-04-08 17:49:58...No Errors were found *************
2018-04-08 17:50:01...installerHook: Could not find custom/install/install_hooks.php
2018-04-08 17:50:39...installerHook: Could not find custom/install/install_hooks.php
2018-04-08 17:50:42...installerHook: Could not find custom/install/install_hooks.php
2018-04-08 17:51:21...Begin DB Check Process *************
2018-04-08 17:51:21...testing with mysql:mysqli
2018-04-08 17:51:21...Basic form info is valid, continuing Process.
2018-04-08 17:51:21...Testing user account...
2018-04-08 17:51:21...Connection made using  host: sugar.local, usr: homestead
2018-04-08 17:51:21...Testing priviliged account...
2018-04-08 17:51:21...Connection made using  host: sugar.local, usr: homestead
2018-04-08 17:51:21...ERROR:: The provided Database Name already exists.  You can<br>1.  hit the back button and choose a new database name <br>2.  click next and continue but all existing tables on this database will be dropped.  <strong>This means your tables and data will be blown away.</strong>
2018-04-08 17:51:21...Passed DB install check
2018-04-08 17:51:21...WARNING:: no errors detected, but DB tables will be dropped!, issuing warning to user
2018-04-08 17:51:21...End DB Check Process *************
2018-04-08 17:51:28...Begin DB Check Process *************
2018-04-08 17:51:28...testing with mysql:mysqli
2018-04-08 17:51:28...Basic form info is valid, continuing Process.
2018-04-08 17:51:28...Testing user account...
2018-04-08 17:51:28...Connection made using  host: sugar.local, usr: homestead
2018-04-08 17:51:28...Testing priviliged account...
2018-04-08 17:51:28...Connection made using  host: sugar.local, usr: homestead
2018-04-08 17:51:28...ERROR:: The provided Database Name already exists.  You can<br>1.  hit the back button and choose a new database name <br>2.  click next and continue but all existing tables on this database will be dropped.  <strong>This means your tables and data will be blown away.</strong>
2018-04-08 17:51:28...Passed DB install check
2018-04-08 17:51:28...WARNING:: no errors detected, but DB tables will be dropped!, issuing warning to user
2018-04-08 17:51:28...End DB Check Process *************
2018-04-08 17:51:47...installerHook: Could not find custom/install/install_hooks.php
2018-04-08 17:51:57...installerHook: Could not find custom/install/install_hooks.php
2018-04-08 17:54:54...installerHook: Could not find custom/install/install_hooks.php
2018-04-08 17:54:54...calling handleSugarConfig()
2018-04-08 17:54:54...calling handleLog4Php()
2018-04-08 17:54:54...calling handleHtaccess()
2018-04-08 17:54:54...calling handleDbCharsetCollation()
2018-04-08 17:54:56...looping through all the Beans and create their tables
2018-04-08 17:54:56...processing table acl_actions
2018-04-08 17:54:56...dropping table acl_actions
2018-04-08 17:54:56...creating table acl_actions
2018-04-08 17:54:56...creating Relationship Meta for ACLAction
2018-04-08 17:54:56...processing table acl_roles
2018-04-08 17:54:56...dropping table acl_roles
2018-04-08 17:54:56...creating table acl_roles
2018-04-08 17:54:56...creating Relationship Meta for ACLRole
2018-04-08 17:54:56...processing table relationships
2018-04-08 17:54:56...dropping table relationships
2018-04-08 17:54:56...creating table relationships
2018-04-08 17:54:56...creating Relationship Meta for Relationship
2018-04-08 17:54:56...processing table leads
2018-04-08 17:54:56...dropping table leads
2018-04-08 17:54:56...creating table leads
2018-04-08 17:54:56...creating Relationship Meta for Lead
2018-04-08 17:54:57...processing table cases
2018-04-08 17:54:57...dropping table cases
2018-04-08 17:54:57...creating table cases
2018-04-08 17:54:57...creating Relationship Meta for Case
2018-04-08 17:54:57...processing table bugs
2018-04-08 17:54:57...dropping table bugs
2018-04-08 17:54:57...creating table bugs
2018-04-08 17:54:57...creating Relationship Meta for Bug
2018-04-08 17:54:57...processing table users
2018-04-08 17:54:57...dropping table users
2018-04-08 17:54:57...creating table users
2018-04-08 17:54:57...creating Relationship Meta for User
2018-04-08 17:54:57...processing table campaign_log
2018-04-08 17:54:57...dropping table campaign_log
2018-04-08 17:54:57...creating table campaign_log
2018-04-08 17:54:57...creating Relationship Meta for CampaignLog
2018-04-08 17:54:57...processing table project
2018-04-08 17:54:57...dropping table project
2018-04-08 17:54:57...creating table project
2018-04-08 17:54:57...creating Relationship Meta for Project
2018-04-08 17:54:58...processing table project_task
2018-04-08 17:54:58...dropping table project_task
2018-04-08 17:54:58...creating table project_task
2018-04-08 17:54:58...creating Relationship Meta for ProjectTask
2018-04-08 17:54:58...processing table campaigns
2018-04-08 17:54:58...dropping table campaigns
2018-04-08 17:54:58...creating table campaigns
2018-04-08 17:54:58...creating Relationship Meta for Campaign
2018-04-08 17:54:59...processing table prospect_lists
2018-04-08 17:54:59...dropping table prospect_lists
2018-04-08 17:54:59...creating table prospect_lists
2018-04-08 17:54:59...creating Relationship Meta for ProspectList
2018-04-08 17:54:59...processing table prospects
2018-04-08 17:54:59...dropping table prospects
2018-04-08 17:54:59...creating table prospects
2018-04-08 17:54:59...creating Relationship Meta for Prospect
2018-04-08 17:54:59...processing table email_marketing
2018-04-08 17:54:59...dropping table email_marketing
2018-04-08 17:54:59...creating table email_marketing
2018-04-08 17:54:59...creating Relationship Meta for EmailMarketing
2018-04-08 17:54:59...processing table campaign_trkrs
2018-04-08 17:54:59...dropping table campaign_trkrs
2018-04-08 17:54:59...creating table campaign_trkrs
2018-04-08 17:54:59...creating Relationship Meta for CampaignTracker
2018-04-08 17:54:59...processing table releases
2018-04-08 17:54:59...dropping table releases
2018-04-08 17:54:59...creating table releases
2018-04-08 17:54:59...creating Relationship Meta for Release
2018-04-08 17:54:59...processing table emailman
2018-04-08 17:54:59...dropping table emailman
2018-04-08 17:54:59...creating table emailman
2018-04-08 17:54:59...creating Relationship Meta for EmailMan
2018-04-08 17:55:00...processing table schedulers
2018-04-08 17:55:00...dropping table schedulers
2018-04-08 17:55:00...creating table schedulers
2018-04-08 17:55:00...creating Relationship Meta for Scheduler
2018-04-08 17:55:00...processing table job_queue
2018-04-08 17:55:00...dropping table job_queue
2018-04-08 17:55:00...creating table job_queue
2018-04-08 17:55:00...creating Relationship Meta for SchedulersJob
2018-04-08 17:55:00...processing table contacts
2018-04-08 17:55:00...dropping table contacts
2018-04-08 17:55:00...creating table contacts
2018-04-08 17:55:00...creating Relationship Meta for Contact
2018-04-08 17:55:00...processing table accounts
2018-04-08 17:55:00...dropping table accounts
2018-04-08 17:55:00...creating table accounts
2018-04-08 17:55:00...creating Relationship Meta for Account
2018-04-08 17:55:00...processing table opportunities
2018-04-08 17:55:00...dropping table opportunities
2018-04-08 17:55:00...creating table opportunities
2018-04-08 17:55:00...creating Relationship Meta for Opportunity
2018-04-08 17:55:01...processing table email_templates
2018-04-08 17:55:01...dropping table email_templates
2018-04-08 17:55:01...creating table email_templates
2018-04-08 17:55:01...creating Relationship Meta for EmailTemplate
2018-04-08 17:55:01...processing table notes
2018-04-08 17:55:01...dropping table notes
2018-04-08 17:55:01...creating table notes
2018-04-08 17:55:01...creating Relationship Meta for Note
2018-04-08 17:55:01...processing table calls
2018-04-08 17:55:01...dropping table calls
2018-04-08 17:55:02...creating table calls
2018-04-08 17:55:02...creating Relationship Meta for Call
2018-04-08 17:55:02...processing table emails
2018-04-08 17:55:02...dropping table emails
2018-04-08 17:55:02...creating table emails
2018-04-08 17:55:02...creating Relationship Meta for Email
2018-04-08 17:55:02...processing table meetings
2018-04-08 17:55:02...dropping table meetings
2018-04-08 17:55:02...creating table meetings
2018-04-08 17:55:02...creating Relationship Meta for Meeting
2018-04-08 17:55:02...processing table tasks
2018-04-08 17:55:02...dropping table tasks
2018-04-08 17:55:02...creating table tasks
2018-04-08 17:55:02...creating Relationship Meta for Task
2018-04-08 17:55:02...processing table users
2018-04-08 17:55:02...processing table users
2018-04-08 17:55:02...processing table currencies
2018-04-08 17:55:03...dropping table currencies
2018-04-08 17:55:03...creating table currencies
2018-04-08 17:55:03...creating Relationship Meta for Currency
2018-04-08 17:55:03...processing table tracker
2018-04-08 17:55:03...dropping table tracker
2018-04-08 17:55:03...creating table tracker
2018-04-08 17:55:03...creating Relationship Meta for Tracker
2018-04-08 17:55:03...processing table import_maps
2018-04-08 17:55:03...dropping table import_maps
2018-04-08 17:55:03...creating table import_maps
2018-04-08 17:55:03...creating Relationship Meta for ImportMap
2018-04-08 17:55:03...processing table users_last_import
2018-04-08 17:55:03...dropping table users_last_import
2018-04-08 17:55:03...creating table users_last_import
2018-04-08 17:55:03...creating Relationship Meta for UsersLastImport
2018-04-08 17:55:03...processing table config
2018-04-08 17:55:03...dropping table config
2018-04-08 17:55:03...creating table config
2018-04-08 17:55:03...creating Relationship Meta for Administration
2018-04-08 17:55:03...processing table upgrade_history
2018-04-08 17:55:03...dropping table upgrade_history
2018-04-08 17:55:03...creating table upgrade_history
2018-04-08 17:55:03...creating Relationship Meta for UpgradeHistory
2018-04-08 17:55:03...processing table vcals
2018-04-08 17:55:03...dropping table vcals
2018-04-08 17:55:03...creating table vcals
2018-04-08 17:55:03...creating Relationship Meta for vCal
2018-04-08 17:55:03...processing table versions
2018-04-08 17:55:03...dropping table versions
2018-04-08 17:55:03...creating table versions
2018-04-08 17:55:03...creating Relationship Meta for Version
2018-04-08 17:55:03...processing table roles
2018-04-08 17:55:03...dropping table roles
2018-04-08 17:55:03...creating table roles
2018-04-08 17:55:03...creating Relationship Meta for Role
2018-04-08 17:55:04...processing table documents
2018-04-08 17:55:04...dropping table documents
2018-04-08 17:55:04...creating table documents
2018-04-08 17:55:04...creating Relationship Meta for Document
2018-04-08 17:55:04...processing table document_revisions
2018-04-08 17:55:04...dropping table document_revisions
2018-04-08 17:55:04...creating table document_revisions
2018-04-08 17:55:04...creating Relationship Meta for DocumentRevision
2018-04-08 17:55:04...processing table fields_meta_data
2018-04-08 17:55:04...dropping table fields_meta_data
2018-04-08 17:55:04...creating table fields_meta_data
2018-04-08 17:55:04...creating Relationship Meta for FieldsMetaData
2018-04-08 17:55:04...processing table inbound_email
2018-04-08 17:55:04...dropping table inbound_email
2018-04-08 17:55:04...creating table inbound_email
2018-04-08 17:55:04...creating Relationship Meta for InboundEmail
2018-04-08 17:55:04...processing table saved_search
2018-04-08 17:55:04...dropping table saved_search
2018-04-08 17:55:04...creating table saved_search
2018-04-08 17:55:04...creating Relationship Meta for SavedSearch
2018-04-08 17:55:04...processing table user_preferences
2018-04-08 17:55:04...dropping table user_preferences
2018-04-08 17:55:04...creating table user_preferences
2018-04-08 17:55:04...creating Relationship Meta for UserPreference
2018-04-08 17:55:04...processing table 
2018-04-08 17:55:05...processing table email_addresses
2018-04-08 17:55:05...dropping table email_addresses
2018-04-08 17:55:05...creating table email_addresses
2018-04-08 17:55:05...creating Relationship Meta for EmailAddress
2018-04-08 17:55:05...processing table emails_text
2018-04-08 17:55:05...dropping table emails_text
2018-04-08 17:55:05...creating table emails_text
2018-04-08 17:55:05...creating Relationship Meta for EmailText
2018-04-08 17:55:05...processing table sugarfeed
2018-04-08 17:55:05...dropping table sugarfeed
2018-04-08 17:55:05...creating table sugarfeed
2018-04-08 17:55:05...creating Relationship Meta for SugarFeed
2018-04-08 17:55:05...processing table eapm
2018-04-08 17:55:05...dropping table eapm
2018-04-08 17:55:05...creating table eapm
2018-04-08 17:55:05...creating Relationship Meta for EAPM
2018-04-08 17:55:05...processing table oauth_consumer
2018-04-08 17:55:05...dropping table oauth_consumer
2018-04-08 17:55:05...creating table oauth_consumer
2018-04-08 17:55:05...creating Relationship Meta for OAuthKey
2018-04-08 17:55:05...processing table oauth_tokens
2018-04-08 17:55:05...dropping table oauth_tokens
2018-04-08 17:55:05...creating table oauth_tokens
2018-04-08 17:55:05...creating Relationship Meta for OAuthToken
2018-04-08 17:55:08...Begin creating Defaults
2018-04-08 17:55:08...insert defaults into config table
2018-04-08 17:55:08...Creating default users
2018-04-08 17:55:08...Creating default scheduler jobs
2018-04-08 17:55:08...Enable SugarFeeds
2018-04-08 17:55:09...Enable InsideView Connector
2018-04-08 17:55:09...Creating FTS logic hook
2018-04-08 17:55:09...populating the db with seed data
2018-04-08 17:55:48...Installation has completed *********
2018-04-08 17:56:16...installerHook: Could not find custom/install/install_hooks.php